C:\Users\abraxas\source\repos\EssentialAngular\SportsStore\dist\out-tsc\ClientApp\app\app.component.js
C:\Users\abraxas\source\repos\EssentialAngular\SportsStore\dist\out-tsc\ClientApp\app\app.component.js.map
C:\Users\abraxas\source\repos\EssentialAngular\SportsStore\dist\out-tsc\ClientApp\app\app.module.js
C:\Users\abraxas\source\repos\EssentialAngular\SportsStore\dist\out-tsc\ClientApp\app\app.module.js.map
C:\Users\abraxas\source\repos\EssentialAngular\SportsStore\dist\out-tsc\ClientApp\boot.js
C:\Users\abraxas\source\repos\EssentialAngular\SportsStore\dist\out-tsc\ClientApp\boot.js.map
C:\Users\abraxas\source\repos\EssentialAngular\SportsStore\dist\out-tsc\ClientApp\environments\environment.js
C:\Users\abraxas\source\repos\EssentialAngular\SportsStore\dist\out-tsc\ClientApp\environments\environment.js.map
C:\Users\abraxas\source\repos\EssentialAngular\SportsStore\dist\out-tsc\ClientApp\main.js
C:\Users\abraxas\source\repos\EssentialAngular\SportsStore\dist\out-tsc\ClientApp\main.js.map
C:\Users\abraxas\source\repos\EssentialAngular\SportsStore\dist\out-tsc\ClientApp\polyfills.js
C:\Users\abraxas\source\repos\EssentialAngular\SportsStore\dist\out-tsc\ClientApp\polyfills.js.map
C:\Users\abraxas\source\repos\EssentialAngular\SportsStore\dist\out-tsc\ClientApp\test.js
C:\Users\abraxas\source\repos\EssentialAngular\SportsStore\dist\out-tsc\ClientApp\test.js.map
C:\Users\abraxas\source\repos\EssentialAngular\SportsStore\dist\out-tsc\ClientApp\environments\environment.prod.js
C:\Users\abraxas\source\repos\EssentialAngular\SportsStore\dist\out-tsc\ClientApp\environments\environment.prod.js.map
C:\Users\abraxas\source\repos\EssentialAngular\SportsStore\dist\out-tsc\e2e\app.po.js
C:\Users\abraxas\source\repos\EssentialAngular\SportsStore\dist\out-tsc\e2e\app.po.js.map
C:\Users\abraxas\source\repos\EssentialAngular\SportsStore\dist\out-tsc\e2e\app.e2e-spec.js
C:\Users\abraxas\source\repos\EssentialAngular\SportsStore\dist\out-tsc\e2e\app.e2e-spec.js.map
